start
Index(['sw_mean_ax', 'sw_mean_ay', 'sw_mean_az', 'sw_mean_acc_magnitude',
       'sw_var_ax', 'sw_var_ay', 'sw_var_az', 'sw_var_acc_magnitude',
       'sw_cov_a_xy', 'sw_cov_a_yz', 'sw_cov_a_xz', 'sw_cov_a_xmag',
       'sw_cov_a_ymag', 'sw_cov_a_zmag', 'sw_energy_ax', 'sw_energy_ay',
       'sw_energy_az', 'sw_energy_acc_magnitude', 'sw_entropy_ax',
       'sw_entropy_ay', 'sw_entropy_az', 'sw_entropy_acc_magnitude',
       'activity'],
      dtype='object')
Data Source: sw
Number of Estimators: 100
Sampling Frequency: 10
Window Size: 2000
Training Source: ['edwin', 'richsen', 'lauren', 'shelina', 'mellita', 'nikolas', 'samuel', 'elmo']
Activities: ['brushing', 'folding', 'going_downstairs', 'going_upstairs', 'lying', 'reading', 'running', 'sitting', 'standing', 'sweeping_the_floor', 'food_preparation', 'typing', 'walking', 'writing']
Permutate XYZ: False

array([ 0.18748465,  0.08387045,  0.09453498,  0.04758954,  0.04149025,
        0.04142366,  0.05171683,  0.04549237,  0.02261364,  0.01636045,
        0.02392315,  0.04393195,  0.03838423,  0.0216759 ,  0.04006389,
        0.04606049,  0.05703497,  0.05566927,  0.00977884,  0.01000211,
        0.01214044,  0.00875794])
array([ 0.18415155,  0.08400493,  0.10331795,  0.04576552,  0.04098417,
        0.04589771,  0.04229301,  0.05300834,  0.02121356,  0.01626679,
        0.02620135,  0.0439975 ,  0.03728731,  0.02177417,  0.04510842,
        0.04862197,  0.0535251 ,  0.0468864 ,  0.00955031,  0.00963004,
        0.01175434,  0.00875955])
array([ 0.18000673,  0.08975727,  0.10130366,  0.0402274 ,  0.03761178,
        0.0413462 ,  0.05015832,  0.05234867,  0.02268937,  0.01621381,
        0.02289773,  0.04593152,  0.03817198,  0.02344711,  0.04974071,
        0.04341288,  0.05598792,  0.04913972,  0.00992452,  0.00976043,
        0.0112849 ,  0.00863738])
array([ 0.1871579 ,  0.08834675,  0.09975391,  0.04417269,  0.0408624 ,
        0.04471638,  0.04563515,  0.0545294 ,  0.02394496,  0.01723916,
        0.02531174,  0.042019  ,  0.04226585,  0.02189068,  0.0413807 ,
        0.04368669,  0.04989679,  0.04698685,  0.00986602,  0.01035496,
        0.01149379,  0.00848824])
array([ 0.18886905,  0.0847441 ,  0.09475534,  0.04389194,  0.04430548,
        0.04121808,  0.0443685 ,  0.05340836,  0.0224312 ,  0.0164165 ,
        0.02491591,  0.0442075 ,  0.03783248,  0.02245473,  0.0434838 ,
        0.05314641,  0.05102814,  0.04806731,  0.00977058,  0.00978243,
        0.01252871,  0.00837344])
Accuracy: [0.91215932914046116, 0.90060809394002939, 0.90689872090585033, 0.91318934787167116, 0.90102746907108411]
Accuracy Mean: 0.9067765921858193, Accuracy Standard deviation: 0.0053144142712107925
F1 Score: [0.91146407235664928, 0.90033885695210536, 0.90673454132362497, 0.91250733938842055, 0.90043239541797948]
F1 Mean: 0.906295441087756, F1 Standard deviation: 0.005202911450326455



Index(['sw_mean_ax', 'sw_mean_ay', 'sw_mean_az', 'sw_mean_acc_magnitude',
       'sw_var_ax', 'sw_var_ay', 'sw_var_az', 'sw_var_acc_magnitude',
       'sw_cov_a_xy', 'sw_cov_a_yz', 'sw_cov_a_xz', 'sw_cov_a_xmag',
       'sw_cov_a_ymag', 'sw_cov_a_zmag', 'sw_energy_ax', 'sw_energy_ay',
       'sw_energy_az', 'sw_energy_acc_magnitude', 'sw_entropy_ax',
       'sw_entropy_ay', 'sw_entropy_az', 'sw_entropy_acc_magnitude',
       'activity'],
      dtype='object')
Data Source: sw
Number of Estimators: 300
Sampling Frequency: 10
Window Size: 2000
Training Source: ['edwin', 'richsen', 'lauren', 'shelina', 'mellita', 'nikolas', 'samuel', 'elmo']
Activities: ['brushing', 'folding', 'going_downstairs', 'going_upstairs', 'lying', 'reading', 'running', 'sitting', 'standing', 'sweeping_the_floor', 'food_preparation', 'typing', 'walking', 'writing']
Permutate XYZ: False

array([ 0.18575576,  0.08412013,  0.10214026,  0.04518616,  0.04412894,
        0.04131933,  0.04884641,  0.05066651,  0.02369514,  0.01597692,
        0.02470692,  0.04035537,  0.03591141,  0.02287306,  0.04378987,
        0.05059532,  0.05097135,  0.04887945,  0.00979837,  0.0100655 ,
        0.01167108,  0.00854674])
array([ 0.18611001,  0.08759767,  0.09831055,  0.04630131,  0.04158731,
        0.04620193,  0.04829169,  0.04899014,  0.02350723,  0.01599908,
        0.02471215,  0.04449467,  0.04081273,  0.02239041,  0.04132046,
        0.04678322,  0.04868927,  0.04729242,  0.00994376,  0.01008631,
        0.01191503,  0.00866263])
array([ 0.18367767,  0.08486455,  0.10142267,  0.04621905,  0.03950105,
        0.04752463,  0.0486166 ,  0.04693713,  0.02293645,  0.01617838,
        0.02355253,  0.0452206 ,  0.04119816,  0.02230873,  0.04254072,
        0.04709256,  0.0519938 ,  0.04855299,  0.00960779,  0.01008631,
        0.01137335,  0.00859428])
array([ 0.18530236,  0.08558574,  0.09981538,  0.04708529,  0.04108314,
        0.04622558,  0.05052551,  0.05191575,  0.02274554,  0.01644846,
        0.02488948,  0.04252454,  0.03415197,  0.02202357,  0.04107336,
        0.04791071,  0.05033658,  0.05024528,  0.00972982,  0.00993968,
        0.01190613,  0.00853613])
array([ 0.18502171,  0.08713523,  0.09763561,  0.0457724 ,  0.0430213 ,
        0.0475328 ,  0.04886064,  0.04823865,  0.0232971 ,  0.0159366 ,
        0.02408174,  0.04242154,  0.03849443,  0.02166481,  0.04500114,
        0.04574672,  0.05203007,  0.04842423,  0.00971601,  0.00985917,
        0.01157139,  0.0085367 ])
Accuracy: [0.90670859538784065, 0.9081568462990145, 0.89955965611239252, 0.90920528412665125, 0.90794715873348708]
Accuracy Mean: 0.9063155081318772, Accuracy Standard deviation: 0.003469860784856903
F1 Score: [0.90626926933618202, 0.90714905361065235, 0.89931269574311257, 0.90893885252578088, 0.90739046582300498]
F1 Mean: 0.9058120674077464, F1 Standard deviation: 0.0033617413486710713



Index(['sw_mean_ax', 'sw_mean_ay', 'sw_mean_az', 'sw_mean_acc_magnitude',
       'sw_var_ax', 'sw_var_ay', 'sw_var_az', 'sw_var_acc_magnitude',
       'sw_cov_a_xy', 'sw_cov_a_yz', 'sw_cov_a_xz', 'sw_cov_a_xmag',
       'sw_cov_a_ymag', 'sw_cov_a_zmag', 'sw_energy_ax', 'sw_energy_ay',
       'sw_energy_az', 'sw_energy_acc_magnitude', 'sw_entropy_ax',
       'sw_entropy_ay', 'sw_entropy_az', 'sw_entropy_acc_magnitude',
       'activity'],
      dtype='object')
Data Source: sw
Number of Estimators: 500
Sampling Frequency: 10
Window Size: 2000
Training Source: ['edwin', 'richsen', 'lauren', 'shelina', 'mellita', 'nikolas', 'samuel', 'elmo']
Activities: ['brushing', 'folding', 'going_downstairs', 'going_upstairs', 'lying', 'reading', 'running', 'sitting', 'standing', 'sweeping_the_floor', 'food_preparation', 'typing', 'walking', 'writing']
Permutate XYZ: False

array([ 0.18555766,  0.08572481,  0.09999909,  0.04477517,  0.04084021,
        0.04846593,  0.04554454,  0.04673707,  0.02395581,  0.01647247,
        0.02482501,  0.04493173,  0.03700135,  0.02333989,  0.04202948,
        0.04596796,  0.05261138,  0.0506759 ,  0.0096155 ,  0.01027628,
        0.01199316,  0.00865959])
array([ 0.18282777,  0.08630993,  0.0989669 ,  0.04778754,  0.04320419,
        0.04441111,  0.04473498,  0.05153012,  0.02401999,  0.01644005,
        0.02396397,  0.04364014,  0.03795793,  0.02203683,  0.04062639,
        0.04789055,  0.05142278,  0.05203801,  0.00981842,  0.01007926,
        0.01170289,  0.00859026])
array([ 0.18178995,  0.08664498,  0.0995007 ,  0.04538572,  0.04051563,
        0.04506048,  0.04948355,  0.05072872,  0.02386437,  0.01634587,
        0.0245194 ,  0.0436087 ,  0.03834454,  0.02232319,  0.04300839,
        0.04936904,  0.05018411,  0.04944665,  0.00976059,  0.01002786,
        0.01148762,  0.00859995])
array([ 0.18347919,  0.08639916,  0.09912955,  0.04542265,  0.04447848,
        0.04319221,  0.04766279,  0.05203433,  0.0220656 ,  0.0164678 ,
        0.02441057,  0.04314021,  0.03814633,  0.02282936,  0.03998495,
        0.0489271 ,  0.05343991,  0.04928231,  0.00959562,  0.00972847,
        0.01164105,  0.00854235])
array([ 0.18622439,  0.08452953,  0.09918886,  0.04455661,  0.04355358,
        0.04538473,  0.04585025,  0.05371724,  0.02349994,  0.01645096,
        0.02378882,  0.04397605,  0.038396  ,  0.02290622,  0.0414212 ,
        0.04845434,  0.05197208,  0.04639023,  0.00949912,  0.00989534,
        0.01191903,  0.00842548])
Accuracy: [0.90796645702306078, 0.9081568462990145, 0.90899559656112394, 0.90752778360243236, 0.90564059551268605]
Accuracy Mean: 0.9076574557996635, Accuracy Standard deviation: 0.0011153504938185563
F1 Score: [0.90737274351399766, 0.90780696053141763, 0.90877679041024417, 0.90708568340501139, 0.90501196345977419]
F1 Mean: 0.907210828264089, F1 Standard deviation: 0.0012397173335000375



Index(['sw_mean_ax', 'sw_mean_ay', 'sw_mean_az', 'sw_mean_acc_magnitude',
       'sw_var_ax', 'sw_var_ay', 'sw_var_az', 'sw_var_acc_magnitude',
       'sw_cov_a_xy', 'sw_cov_a_yz', 'sw_cov_a_xz', 'sw_cov_a_xmag',
       'sw_cov_a_ymag', 'sw_cov_a_zmag', 'sw_energy_ax', 'sw_energy_ay',
       'sw_energy_az', 'sw_energy_acc_magnitude', 'sw_entropy_ax',
       'sw_entropy_ay', 'sw_entropy_az', 'sw_entropy_acc_magnitude',
       'activity'],
      dtype='object')
Data Source: sw
Number of Estimators: 1000
Sampling Frequency: 10
Window Size: 2000
Training Source: ['edwin', 'richsen', 'lauren', 'shelina', 'mellita', 'nikolas', 'samuel', 'elmo']
Activities: ['brushing', 'folding', 'going_downstairs', 'going_upstairs', 'lying', 'reading', 'running', 'sitting', 'standing', 'sweeping_the_floor', 'food_preparation', 'typing', 'walking', 'writing']
Permutate XYZ: False

array([ 0.1856237 ,  0.08629684,  0.09976083,  0.04619682,  0.04199236,
        0.04408698,  0.04757685,  0.0514743 ,  0.02324312,  0.01589385,
        0.02421569,  0.04346297,  0.03845978,  0.0223573 ,  0.0414046 ,
        0.04924216,  0.05232348,  0.04671017,  0.00950533,  0.0098862 ,
        0.01170566,  0.008581  ])
array([ 0.18475386,  0.08633269,  0.09942483,  0.04405193,  0.04246199,
        0.04566679,  0.04661439,  0.05120524,  0.02347839,  0.01629926,
        0.02461949,  0.04377545,  0.03711835,  0.02257842,  0.04271599,
        0.04781359,  0.05166609,  0.04950881,  0.00962741,  0.01006692,
        0.01180159,  0.00841853])
array([ 0.18523079,  0.08681097,  0.09622679,  0.04564505,  0.04285372,
        0.04362754,  0.046653  ,  0.0513953 ,  0.02341183,  0.01646252,
        0.02504626,  0.04348433,  0.0398743 ,  0.02251447,  0.04129678,
        0.04889997,  0.05172611,  0.04863592,  0.00981618,  0.00985111,
        0.01185406,  0.008683  ])
array([ 0.1847129 ,  0.08716119,  0.098781  ,  0.04493694,  0.04277289,
        0.0443721 ,  0.04862837,  0.05053356,  0.02273776,  0.01645414,
        0.02408751,  0.04281797,  0.03877534,  0.02261674,  0.04258616,
        0.04701654,  0.05043831,  0.05056853,  0.00965031,  0.01011059,
        0.01180484,  0.00843631])
array([ 0.18485058,  0.08515233,  0.0988455 ,  0.04501785,  0.04134648,
        0.0422136 ,  0.04764996,  0.0495749 ,  0.02414402,  0.01700115,
        0.0247963 ,  0.04276635,  0.03934719,  0.02279193,  0.04309251,
        0.04919473,  0.05425269,  0.04770099,  0.01008506,  0.00979768,
        0.01169122,  0.00868697])
Accuracy: [0.90188679245283021, 0.90312434472635772, 0.91130215978192497, 0.90668903334032291, 0.91843153700985536]
Accuracy Mean: 0.9082867734622584, Accuracy Standard deviation: 0.006036091168380764
F1 Score: [0.90146144069438772, 0.90226440470238178, 0.91065981222971426, 0.90627381743010316, 0.91822221516723035]
F1 Mean: 0.9077763380447635, F1 Standard deviation: 0.00616356517199381



Index(['sw_mean_ax', 'sw_mean_ay', 'sw_mean_az', 'sw_mean_acc_magnitude',
       'sw_var_ax', 'sw_var_ay', 'sw_var_az', 'sw_var_acc_magnitude',
       'sw_cov_a_xy', 'sw_cov_a_yz', 'sw_cov_a_xz', 'sw_cov_a_xmag',
       'sw_cov_a_ymag', 'sw_cov_a_zmag', 'sw_energy_ax', 'sw_energy_ay',
       'sw_energy_az', 'sw_energy_acc_magnitude', 'sw_entropy_ax',
       'sw_entropy_ay', 'sw_entropy_az', 'sw_entropy_acc_magnitude',
       'activity'],
      dtype='object')
Data Source: sw
Number of Estimators: 2000
Sampling Frequency: 10
Window Size: 2000
Training Source: ['edwin', 'richsen', 'lauren', 'shelina', 'mellita', 'nikolas', 'samuel', 'elmo']
Activities: ['brushing', 'folding', 'going_downstairs', 'going_upstairs', 'lying', 'reading', 'running', 'sitting', 'standing', 'sweeping_the_floor', 'food_preparation', 'typing', 'walking', 'writing']
Permutate XYZ: False

array([ 0.1845788 ,  0.08736894,  0.10223626,  0.04448353,  0.04423263,
        0.04532555,  0.04668681,  0.04992604,  0.0230058 ,  0.0162646 ,
        0.02477295,  0.04318386,  0.03646891,  0.02249523,  0.04109935,
        0.0488471 ,  0.05190089,  0.04728866,  0.00968638,  0.01000121,
        0.01154148,  0.008605  ])
array([ 0.18585245,  0.08639999,  0.0979062 ,  0.04565452,  0.04239153,
        0.04523812,  0.04797584,  0.04948718,  0.02301469,  0.01651491,
        0.02471859,  0.04254898,  0.03861559,  0.02213436,  0.04228123,
        0.04948449,  0.0514275 ,  0.04870165,  0.00990301,  0.00970371,
        0.01140408,  0.00864137])
array([ 0.18256976,  0.08728319,  0.09876822,  0.0471418 ,  0.04155338,
        0.04501795,  0.04766525,  0.04899565,  0.02269983,  0.01606962,
        0.02408978,  0.04428788,  0.03847528,  0.02245795,  0.04334572,
        0.04897795,  0.0504818 ,  0.04947378,  0.00980642,  0.01020858,
        0.01199278,  0.0086374 ])
array([ 0.18427011,  0.0861377 ,  0.09879306,  0.04492001,  0.04251063,
        0.04644124,  0.04692433,  0.04918787,  0.023696  ,  0.01661724,
        0.0240389 ,  0.04369428,  0.03914835,  0.02292589,  0.04305905,
        0.04748357,  0.05138486,  0.0484194 ,  0.00968241,  0.00991066,
        0.01208579,  0.00866862])
array([ 0.18341826,  0.08633257,  0.09823549,  0.04564947,  0.04119593,
        0.04684027,  0.04904392,  0.05070212,  0.02346316,  0.01653072,
        0.02443757,  0.04418776,  0.03817187,  0.02235312,  0.04228012,
        0.04762693,  0.05179335,  0.0480047 ,  0.00953444,  0.0099869 ,
        0.01182901,  0.00838231])
Accuracy: [0.90817610062893084, 0.90899559656112394, 0.91256028517508914, 0.90878590899559653, 0.90333403229188514]
Accuracy Mean: 0.9083703847305251, Accuracy Standard deviation: 0.002950301956806076
F1 Score: [0.90776988783113088, 0.90858949929006549, 0.91223978521565652, 0.90816293935724357, 0.90276304095171211]
F1 Mean: 0.9079050305291616, F1 Standard deviation: 0.003026001751611381



Index(['sw_mean_ax', 'sw_mean_ay', 'sw_mean_az', 'sw_mean_acc_magnitude',
       'sw_var_ax', 'sw_var_ay', 'sw_var_az', 'sw_var_acc_magnitude',
       'sw_cov_a_xy', 'sw_cov_a_yz', 'sw_cov_a_xz', 'sw_cov_a_xmag',
       'sw_cov_a_ymag', 'sw_cov_a_zmag', 'sw_energy_ax', 'sw_energy_ay',
       'sw_energy_az', 'sw_energy_acc_magnitude', 'sw_entropy_ax',
       'sw_entropy_ay', 'sw_entropy_az', 'sw_entropy_acc_magnitude',
       'activity'],
      dtype='object')
Data Source: sw
Number of Estimators: 3000
Sampling Frequency: 10
Window Size: 2000
Training Source: ['edwin', 'richsen', 'lauren', 'shelina', 'mellita', 'nikolas', 'samuel', 'elmo']
Activities: ['brushing', 'folding', 'going_downstairs', 'going_upstairs', 'lying', 'reading', 'running', 'sitting', 'standing', 'sweeping_the_floor', 'food_preparation', 'typing', 'walking', 'writing']
Permutate XYZ: False

array([ 0.18315047,  0.08778403,  0.09813332,  0.04534282,  0.04255473,
        0.04528498,  0.04787808,  0.04983323,  0.023424  ,  0.01674218,
        0.02438758,  0.04220234,  0.03877935,  0.0226876 ,  0.04237716,
        0.04946386,  0.05020542,  0.04935331,  0.00978296,  0.01002245,
        0.01200689,  0.00860324])
array([ 0.18466561,  0.08641962,  0.09932001,  0.04488905,  0.04119767,
        0.04666632,  0.04801902,  0.04990646,  0.02314083,  0.01616542,
        0.0243074 ,  0.04290936,  0.03773937,  0.02321497,  0.04163138,
        0.04906053,  0.05154636,  0.04911184,  0.00986583,  0.00973705,
        0.01193571,  0.00855019])
array([ 0.18412594,  0.08599175,  0.09998108,  0.04581343,  0.04329489,
        0.04487836,  0.0479817 ,  0.05077859,  0.02300842,  0.01583075,
        0.02445411,  0.04285883,  0.0376774 ,  0.02281492,  0.04183701,
        0.0483107 ,  0.05109359,  0.0490616 ,  0.00968396,  0.01015339,
        0.01172518,  0.00864441])
