start
Index(['sp_mean_ax', 'sp_mean_ay', 'sp_mean_az', 'sp_mean_acc_magnitude',
       'sp_var_ax', 'sp_var_ay', 'sp_var_az', 'sp_var_acc_magnitude',
       'sp_cov_a_xy', 'sp_cov_a_yz', 'sp_cov_a_xz', 'sp_cov_a_xmag',
       'sp_cov_a_ymag', 'sp_cov_a_zmag', 'sp_energy_ax', 'sp_energy_ay',
       'sp_energy_az', 'sp_energy_acc_magnitude', 'sp_entropy_ax',
       'sp_entropy_ay', 'sp_entropy_az', 'sp_entropy_acc_magnitude',
       'sw_mean_ax', 'sw_mean_ay', 'sw_mean_az', 'sw_mean_acc_magnitude',
       'sw_var_ax', 'sw_var_ay', 'sw_var_az', 'sw_var_acc_magnitude',
       'sw_cov_a_xy', 'sw_cov_a_yz', 'sw_cov_a_xz', 'sw_cov_a_xmag',
       'sw_cov_a_ymag', 'sw_cov_a_zmag', 'sw_energy_ax', 'sw_energy_ay',
       'sw_energy_az', 'sw_energy_acc_magnitude', 'sw_entropy_ax',
       'sw_entropy_ay', 'sw_entropy_az', 'sw_entropy_acc_magnitude',
       'activity'],
      dtype='object')
Data Source: 
Number of Estimators: 100
Sampling Frequency: 10
Window Size: 2000
Training Source: ['edwin', 'richsen', 'lauren', 'shelina', 'mellita', 'nikolas', 'samuel', 'elmo']
Activities: ['brushing', 'folding', 'going_downstairs', 'going_upstairs', 'lying', 'reading', 'running', 'sitting', 'standing', 'sweeping_the_floor', 'food_preparation', 'typing', 'walking', 'writing']
Permutate XYZ: False

array([ 0.05078128,  0.0737445 ,  0.0335984 ,  0.01521002,  0.02020603,
        0.03012032,  0.02332808,  0.02520486,  0.00567576,  0.00782188,
        0.01226506,  0.00438224,  0.01303543,  0.00645373,  0.02100027,
        0.02392955,  0.02107646,  0.02634246,  0.00229221,  0.00307764,
        0.01092018,  0.00190913,  0.12178979,  0.05753816,  0.04712998,
        0.02434079,  0.02214532,  0.02879001,  0.03146612,  0.03012618,
        0.00574874,  0.004706  ,  0.01226869,  0.01945247,  0.02519374,
        0.01043295,  0.02624543,  0.03230299,  0.02815172,  0.02912451,
        0.00247042,  0.00264359,  0.00337875,  0.00217817])
array([ 0.05050195,  0.0709213 ,  0.03544086,  0.01593132,  0.02151105,
        0.02506475,  0.02547353,  0.02596242,  0.00563337,  0.00627456,
        0.01305586,  0.0041532 ,  0.01768376,  0.00669633,  0.02169608,
        0.02036901,  0.02542043,  0.02108961,  0.00225641,  0.00321699,
        0.01289619,  0.00203639,  0.11766044,  0.05203835,  0.05353223,
        0.02327342,  0.02088248,  0.03083143,  0.03460512,  0.02742784,
        0.00694076,  0.00476491,  0.01009807,  0.02209272,  0.01929346,
        0.00964982,  0.02233368,  0.03069726,  0.03761599,  0.03259109,
        0.00245141,  0.00241226,  0.00327865,  0.00224322])
array([ 0.05493552,  0.06604673,  0.03679724,  0.01518034,  0.0199185 ,
        0.0280416 ,  0.02865501,  0.0203513 ,  0.00537724,  0.00611826,
        0.01309351,  0.00433614,  0.02145902,  0.00618126,  0.02195772,
        0.01668056,  0.02256887,  0.02427187,  0.00233282,  0.0028527 ,
        0.0113609 ,  0.00203875,  0.12012178,  0.05372175,  0.05671908,
        0.02254359,  0.02429459,  0.03166401,  0.0292236 ,  0.03227832,
        0.00631643,  0.0050537 ,  0.01186312,  0.01987643,  0.02626711,
        0.00956346,  0.0232915 ,  0.029461  ,  0.02567474,  0.03111511,
        0.00236268,  0.00258826,  0.00308581,  0.00235808])
array([ 0.05538277,  0.07316632,  0.03025642,  0.01531091,  0.01778824,
        0.02461846,  0.02255136,  0.02280144,  0.00594783,  0.007468  ,
        0.01230254,  0.00408379,  0.01823722,  0.00680945,  0.02103081,
        0.02173546,  0.02965028,  0.02782031,  0.00237083,  0.00304033,
        0.01177782,  0.00205997,  0.11445886,  0.05578349,  0.05012635,
        0.02508089,  0.02010371,  0.02814434,  0.0287602 ,  0.02922372,
        0.00662112,  0.00502649,  0.01071954,  0.02143455,  0.02222303,
        0.00974221,  0.02088587,  0.03795688,  0.0329274 ,  0.03373537,
        0.0026146 ,  0.00250574,  0.00342955,  0.00228555])
array([ 0.05836857,  0.0658176 ,  0.03795864,  0.01717514,  0.02274267,
        0.02240664,  0.02660402,  0.02408585,  0.0053053 ,  0.00680956,
        0.01189542,  0.00435408,  0.02346025,  0.00579316,  0.02201627,
        0.02191026,  0.02304481,  0.021516  ,  0.00249318,  0.00317108,
        0.01179269,  0.00206113,  0.11451127,  0.05459998,  0.05118675,
        0.0239322 ,  0.02248459,  0.02816466,  0.02723203,  0.03075649,
        0.00627653,  0.00565573,  0.0104138 ,  0.02227654,  0.01995352,
        0.01073952,  0.0210711 ,  0.02692656,  0.03626262,  0.03591963,
        0.0023824 ,  0.00273071,  0.00353791,  0.00220312])
Accuracy: [0.96918238993710693, 0.97001467812958686, 0.96728873977773122, 0.970643740826169, 0.97169217865380586]
Accuracy Mean: 0.96976434546488, Accuracy Standard deviation: 0.001484576653686088
F1 Score: [0.96909849448473862, 0.96992906721168493, 0.96718621154001749, 0.97061420022416145, 0.9716700809112957]
F1 Mean: 0.9696996108743796, F1 Standard deviation: 0.0015133005771303322



Index(['sp_mean_ax', 'sp_mean_ay', 'sp_mean_az', 'sp_mean_acc_magnitude',
       'sp_var_ax', 'sp_var_ay', 'sp_var_az', 'sp_var_acc_magnitude',
       'sp_cov_a_xy', 'sp_cov_a_yz', 'sp_cov_a_xz', 'sp_cov_a_xmag',
       'sp_cov_a_ymag', 'sp_cov_a_zmag', 'sp_energy_ax', 'sp_energy_ay',
       'sp_energy_az', 'sp_energy_acc_magnitude', 'sp_entropy_ax',
       'sp_entropy_ay', 'sp_entropy_az', 'sp_entropy_acc_magnitude',
       'sw_mean_ax', 'sw_mean_ay', 'sw_mean_az', 'sw_mean_acc_magnitude',
       'sw_var_ax', 'sw_var_ay', 'sw_var_az', 'sw_var_acc_magnitude',
       'sw_cov_a_xy', 'sw_cov_a_yz', 'sw_cov_a_xz', 'sw_cov_a_xmag',
       'sw_cov_a_ymag', 'sw_cov_a_zmag', 'sw_energy_ax', 'sw_energy_ay',
       'sw_energy_az', 'sw_energy_acc_magnitude', 'sw_entropy_ax',
       'sw_entropy_ay', 'sw_entropy_az', 'sw_entropy_acc_magnitude',
       'activity'],
      dtype='object')
Data Source: 
Number of Estimators: 300
Sampling Frequency: 10
Window Size: 2000
Training Source: ['edwin', 'richsen', 'lauren', 'shelina', 'mellita', 'nikolas', 'samuel', 'elmo']
Activities: ['brushing', 'folding', 'going_downstairs', 'going_upstairs', 'lying', 'reading', 'running', 'sitting', 'standing', 'sweeping_the_floor', 'food_preparation', 'typing', 'walking', 'writing']
Permutate XYZ: False

array([ 0.05590131,  0.07116647,  0.0336118 ,  0.01429963,  0.0204765 ,
        0.02284711,  0.02754951,  0.02402328,  0.00555191,  0.00720825,
        0.01206919,  0.00409269,  0.02060928,  0.00567363,  0.02031651,
        0.0183499 ,  0.02596435,  0.02370397,  0.00235259,  0.00296239,
        0.01169674,  0.00203964,  0.11672934,  0.05526221,  0.05169274,
        0.02395324,  0.02369437,  0.02881765,  0.02934577,  0.03401734,
        0.0059567 ,  0.00521234,  0.01056767,  0.02120594,  0.02416943,
        0.00961026,  0.02373403,  0.02938496,  0.03195073,  0.03159053,
        0.00244385,  0.00257235,  0.00338778,  0.00223411])
array([ 0.05432924,  0.07266478,  0.0337554 ,  0.01527753,  0.02334505,
        0.02218096,  0.02528337,  0.02534251,  0.00578914,  0.00719413,
        0.01268669,  0.00443082,  0.01992103,  0.00633063,  0.02056722,
        0.02072552,  0.02472754,  0.02207643,  0.00232968,  0.00317719,
        0.01200288,  0.00208339,  0.10894618,  0.05367487,  0.05538808,
        0.02518743,  0.02477358,  0.02787322,  0.02772202,  0.03410057,
        0.00676336,  0.0053914 ,  0.01035694,  0.02123986,  0.02394841,
        0.01041935,  0.02508884,  0.03105336,  0.03148342,  0.02979347,
        0.00232844,  0.00263706,  0.00328379,  0.00232522])
array([ 0.05208173,  0.07055707,  0.03283552,  0.01492935,  0.01940927,
        0.02210721,  0.02426974,  0.02342771,  0.00526424,  0.00691614,
        0.01236448,  0.00437216,  0.01782009,  0.0063398 ,  0.01950684,
        0.02490798,  0.02776834,  0.02225504,  0.00228208,  0.00309702,
        0.01132837,  0.00206586,  0.11975662,  0.05713731,  0.04998957,
        0.02497685,  0.02488846,  0.02482748,  0.03132565,  0.03355342,
        0.00611804,  0.00521106,  0.01072997,  0.02050762,  0.0224896 ,
        0.01075568,  0.02174333,  0.03613839,  0.03115306,  0.03240079,
        0.00243349,  0.00249737,  0.00320632,  0.00225391])
array([ 0.05439631,  0.06941692,  0.03476743,  0.01517711,  0.02007563,
        0.02300094,  0.02352145,  0.02350284,  0.00587652,  0.00678615,
        0.0145511 ,  0.00425284,  0.01897796,  0.0059803 ,  0.02097564,
        0.02418922,  0.02515378,  0.02447069,  0.00233119,  0.00297909,
        0.01087948,  0.00198377,  0.11781585,  0.05706639,  0.05422962,
        0.0242245 ,  0.02312506,  0.03202273,  0.02768719,  0.02827299,
        0.00678027,  0.00545119,  0.01135217,  0.02138397,  0.02429136,
        0.00988268,  0.02215065,  0.03006263,  0.03210985,  0.02847936,
        0.00245836,  0.00246429,  0.00320508,  0.00223742])
array([ 0.05080564,  0.06965312,  0.03736936,  0.01520127,  0.02002921,
        0.02217067,  0.02441596,  0.02541096,  0.00518423,  0.00691372,
        0.01265463,  0.00432707,  0.0206733 ,  0.00608701,  0.01901748,
        0.02086172,  0.02649319,  0.02322662,  0.00232031,  0.00294167,
        0.0112378 ,  0.00198633,  0.11687297,  0.0556266 ,  0.05395769,
        0.02417467,  0.02252593,  0.03111488,  0.02895123,  0.02771497,
        0.00666115,  0.00548175,  0.01120962,  0.0207651 ,  0.02232724,
        0.0107795 ,  0.02482773,  0.0351996 ,  0.03193472,  0.0305907 ,
        0.00237859,  0.00243584,  0.00323123,  0.00225706])
Accuracy: [0.96981132075471699, 0.97315999161249733, 0.97127280352275114, 0.96854686517089539, 0.97106311595722372]
Accuracy Mean: 0.9707708194036169, Accuracy Standard deviation: 0.001543514124410962
F1 Score: [0.96980258854254553, 0.97310923118658466, 0.97118786411098978, 0.96847879553007754, 0.97112792381219504]
F1 Mean: 0.9707412806364785, F1 Standard deviation: 0.0015463570904989058



Index(['sp_mean_ax', 'sp_mean_ay', 'sp_mean_az', 'sp_mean_acc_magnitude',
       'sp_var_ax', 'sp_var_ay', 'sp_var_az', 'sp_var_acc_magnitude',
       'sp_cov_a_xy', 'sp_cov_a_yz', 'sp_cov_a_xz', 'sp_cov_a_xmag',
       'sp_cov_a_ymag', 'sp_cov_a_zmag', 'sp_energy_ax', 'sp_energy_ay',
       'sp_energy_az', 'sp_energy_acc_magnitude', 'sp_entropy_ax',
       'sp_entropy_ay', 'sp_entropy_az', 'sp_entropy_acc_magnitude',
       'sw_mean_ax', 'sw_mean_ay', 'sw_mean_az', 'sw_mean_acc_magnitude',
       'sw_var_ax', 'sw_var_ay', 'sw_var_az', 'sw_var_acc_magnitude',
       'sw_cov_a_xy', 'sw_cov_a_yz', 'sw_cov_a_xz', 'sw_cov_a_xmag',
       'sw_cov_a_ymag', 'sw_cov_a_zmag', 'sw_energy_ax', 'sw_energy_ay',
       'sw_energy_az', 'sw_energy_acc_magnitude', 'sw_entropy_ax',
       'sw_entropy_ay', 'sw_entropy_az', 'sw_entropy_acc_magnitude',
       'activity'],
      dtype='object')
Data Source: 
Number of Estimators: 500
Sampling Frequency: 10
Window Size: 2000
Training Source: ['edwin', 'richsen', 'lauren', 'shelina', 'mellita', 'nikolas', 'samuel', 'elmo']
Activities: ['brushing', 'folding', 'going_downstairs', 'going_upstairs', 'lying', 'reading', 'running', 'sitting', 'standing', 'sweeping_the_floor', 'food_preparation', 'typing', 'walking', 'writing']
Permutate XYZ: False

array([ 0.05359144,  0.07065289,  0.03374351,  0.01513397,  0.01940579,
        0.02399721,  0.02397744,  0.0240843 ,  0.00532211,  0.00737883,
        0.01362126,  0.00430927,  0.02105596,  0.00614618,  0.02081178,
        0.02206871,  0.02632106,  0.02268099,  0.00225074,  0.0030345 ,
        0.01153882,  0.00200693,  0.1146619 ,  0.05576218,  0.0545154 ,
        0.02421099,  0.02225051,  0.02722849,  0.03019352,  0.02966618,
        0.00631663,  0.00547626,  0.01037117,  0.02059979,  0.02610028,
        0.01086963,  0.02568148,  0.02991447,  0.03168798,  0.03111332,
        0.00243652,  0.00242931,  0.00306658,  0.00231373])
array([ 0.05238447,  0.070977  ,  0.03531192,  0.01454928,  0.0192542 ,
        0.02376834,  0.02541528,  0.02460984,  0.00551555,  0.00721001,
        0.01266079,  0.00433233,  0.02046068,  0.00587812,  0.02038818,
        0.02097402,  0.02513494,  0.02201682,  0.002198  ,  0.00302332,
        0.01127298,  0.00200811,  0.11696885,  0.05642829,  0.05194942,
        0.0227681 ,  0.02318497,  0.02989007,  0.02901881,  0.03171987,
        0.00665134,  0.00570974,  0.01104351,  0.02066773,  0.02436227,
        0.01041783,  0.02428509,  0.03102986,  0.03027123,  0.03371441,
        0.00243012,  0.00264353,  0.0032694 ,  0.00223139])
array([ 0.05166325,  0.07199675,  0.03473469,  0.01566914,  0.02016191,
        0.0230789 ,  0.02460007,  0.02520538,  0.00555706,  0.0069583 ,
        0.01265376,  0.0041786 ,  0.01982171,  0.00614095,  0.0213765 ,
        0.02087379,  0.02619534,  0.02186461,  0.00223565,  0.00301246,
        0.01134474,  0.00201799,  0.11796487,  0.05598011,  0.05430416,
        0.02397086,  0.02333934,  0.02816018,  0.03109888,  0.03062372,
        0.00607423,  0.00532213,  0.0105077 ,  0.0200682 ,  0.02424464,
        0.00998291,  0.02405113,  0.03183842,  0.03148872,  0.02914124,
        0.00236747,  0.00245578,  0.00350319,  0.00217054])
array([ 0.05069325,  0.07181518,  0.03358388,  0.01545391,  0.01830234,
        0.02428558,  0.0244477 ,  0.02504739,  0.0055088 ,  0.00665284,
        0.01315453,  0.00432807,  0.01882514,  0.00626347,  0.02090374,
        0.02067042,  0.02586844,  0.0251857 ,  0.00225186,  0.00309483,
        0.0113465 ,  0.00196941,  0.11565374,  0.05586501,  0.05521743,
        0.02416893,  0.02405463,  0.02865124,  0.02803503,  0.03081756,
        0.00652558,  0.00535769,  0.01018865,  0.02122183,  0.02505403,
        0.01014369,  0.02372763,  0.0314525 ,  0.03318155,  0.03054791,
        0.00240371,  0.00243788,  0.00336272,  0.00227808])
array([ 0.04921362,  0.07224399,  0.03398696,  0.0144721 ,  0.01938921,
        0.02325709,  0.02485015,  0.02342406,  0.00551021,  0.006785  ,
        0.01214817,  0.00431789,  0.02172971,  0.00613567,  0.01882772,
        0.02008323,  0.02787659,  0.02247541,  0.00232559,  0.00289958,
        0.01161023,  0.00210408,  0.12133613,  0.0552363 ,  0.05298025,
        0.0243905 ,  0.02247673,  0.03094752,  0.02813693,  0.0325806 ,
        0.00675375,  0.00529378,  0.01137894,  0.01998861,  0.02637739,
        0.01017764,  0.02274382,  0.03158548,  0.03260533,  0.02862545,
        0.00248317,  0.00250514,  0.00341292,  0.00231736])
Accuracy: [0.9683438155136268, 0.97148249108827844, 0.97295030404697003, 0.96875655273642269, 0.97148249108827844]
Accuracy Mean: 0.9706031308947154, Accuracy Standard deviation: 0.0017646601594991924
F1 Score: [0.96824507301404228, 0.97147151740297177, 0.97297720428397449, 0.96872322697388169, 0.97135415951939652]
F1 Mean: 0.9705542362388533, F1 Standard deviation: 0.0017909151774280938



Index(['sp_mean_ax', 'sp_mean_ay', 'sp_mean_az', 'sp_mean_acc_magnitude',
       'sp_var_ax', 'sp_var_ay', 'sp_var_az', 'sp_var_acc_magnitude',
       'sp_cov_a_xy', 'sp_cov_a_yz', 'sp_cov_a_xz', 'sp_cov_a_xmag',
       'sp_cov_a_ymag', 'sp_cov_a_zmag', 'sp_energy_ax', 'sp_energy_ay',
       'sp_energy_az', 'sp_energy_acc_magnitude', 'sp_entropy_ax',
       'sp_entropy_ay', 'sp_entropy_az', 'sp_entropy_acc_magnitude',
       'sw_mean_ax', 'sw_mean_ay', 'sw_mean_az', 'sw_mean_acc_magnitude',
       'sw_var_ax', 'sw_var_ay', 'sw_var_az', 'sw_var_acc_magnitude',
       'sw_cov_a_xy', 'sw_cov_a_yz', 'sw_cov_a_xz', 'sw_cov_a_xmag',
       'sw_cov_a_ymag', 'sw_cov_a_zmag', 'sw_energy_ax', 'sw_energy_ay',
       'sw_energy_az', 'sw_energy_acc_magnitude', 'sw_entropy_ax',
       'sw_entropy_ay', 'sw_entropy_az', 'sw_entropy_acc_magnitude',
       'activity'],
      dtype='object')
Data Source: 
Number of Estimators: 1000
Sampling Frequency: 10
Window Size: 2000
Training Source: ['edwin', 'richsen', 'lauren', 'shelina', 'mellita', 'nikolas', 'samuel', 'elmo']
Activities: ['brushing', 'folding', 'going_downstairs', 'going_upstairs', 'lying', 'reading', 'running', 'sitting', 'standing', 'sweeping_the_floor', 'food_preparation', 'typing', 'walking', 'writing']
Permutate XYZ: False

array([ 0.05302249,  0.0712992 ,  0.03409379,  0.01561277,  0.01967394,
        0.02198844,  0.02431168,  0.0259821 ,  0.00548242,  0.00692553,
        0.01312539,  0.00432787,  0.02071078,  0.00602401,  0.02079384,
        0.0205734 ,  0.02690003,  0.02150834,  0.00227078,  0.00299599,
        0.01116422,  0.00202461,  0.11723127,  0.05420299,  0.05569371,
        0.02406281,  0.02406522,  0.02713027,  0.02806643,  0.02968551,
        0.0063343 ,  0.00548986,  0.01158137,  0.02076287,  0.02675284,
        0.01064869,  0.02336165,  0.03376439,  0.02971571,  0.03002814,
        0.00242051,  0.00253776,  0.00331513,  0.00233696])
array([ 0.05210452,  0.07051601,  0.03339421,  0.01464198,  0.02110613,
        0.02066086,  0.02551653,  0.02495134,  0.00545773,  0.00701592,
        0.01279362,  0.00416705,  0.02104248,  0.00619701,  0.02087201,
        0.02043721,  0.02487019,  0.02322076,  0.00237401,  0.00310544,
        0.01173649,  0.00206351,  0.11783304,  0.05617103,  0.05345151,
        0.02278493,  0.02449262,  0.02703937,  0.02926132,  0.0337569 ,
        0.00600853,  0.00570616,  0.0113479 ,  0.02087446,  0.02329222,
        0.01045203,  0.02404479,  0.03225259,  0.0315416 ,  0.03070357,
        0.00252681,  0.00250595,  0.0033714 ,  0.00233623])
array([ 0.05146668,  0.07191283,  0.03405364,  0.01504823,  0.01966   ,
        0.02345775,  0.02600485,  0.02336839,  0.0051603 ,  0.00726518,
        0.01271181,  0.00433136,  0.02066357,  0.00627858,  0.02112473,
        0.02104936,  0.02553159,  0.02401277,  0.00234129,  0.00297639,
        0.01192063,  0.00200264,  0.12006386,  0.05576877,  0.05079094,
        0.02370845,  0.02302522,  0.02903163,  0.03022949,  0.03179368,
        0.00634245,  0.0053024 ,  0.01048782,  0.02093804,  0.02496754,
        0.01045319,  0.02347078,  0.03282535,  0.02960884,  0.02885188,
        0.00236573,  0.00246889,  0.00303181,  0.00213067])
array([ 0.0533794 ,  0.06848681,  0.03401833,  0.01532558,  0.02015201,
        0.0253075 ,  0.02583734,  0.02402125,  0.00569209,  0.00741364,
        0.01315945,  0.00427846,  0.02104957,  0.00604258,  0.02051738,
        0.02039545,  0.02512656,  0.02368272,  0.00225174,  0.00312724,
        0.01156208,  0.00203956,  0.11801319,  0.05369389,  0.05209679,
        0.02412247,  0.02240643,  0.02981579,  0.02967481,  0.02781962,
        0.0061309 ,  0.00527535,  0.01040449,  0.02086797,  0.02718579,
        0.01072801,  0.02294734,  0.03182689,  0.03290836,  0.03059959,
        0.00246445,  0.00249329,  0.00336616,  0.00229167])
array([ 0.054148  ,  0.07082403,  0.03463773,  0.01464074,  0.02018475,
        0.02369606,  0.02492172,  0.02368265,  0.00551571,  0.00679164,
        0.01285842,  0.00428943,  0.02142151,  0.00609486,  0.0200082 ,
        0.0214335 ,  0.02650746,  0.02183135,  0.00226956,  0.00286696,
        0.01175337,  0.00205576,  0.11712553,  0.05328766,  0.05327507,
        0.02470576,  0.0233843 ,  0.02664698,  0.02980516,  0.03393345,
        0.00673498,  0.00540867,  0.01069386,  0.0204836 ,  0.02327642,
        0.01041501,  0.0233904 ,  0.03147896,  0.03320288,  0.02984768,
        0.00239058,  0.0025104 ,  0.00333828,  0.00223098])
Accuracy: [0.97064989517819711, 0.97085342839169642, 0.97001467812958686, 0.97274061648144261, 0.97190186621933317]
Accuracy Mean: 0.9712320968800514, Accuracy Standard deviation: 0.0009683676383813281
F1 Score: [0.97057270057445633, 0.97075325033182935, 0.97000021087432087, 0.97272103821396128, 0.97187251291688648]
F1 Mean: 0.9711839425822909, F1 Standard deviation: 0.0009795024706235444



Index(['sp_mean_ax', 'sp_mean_ay', 'sp_mean_az', 'sp_mean_acc_magnitude',
       'sp_var_ax', 'sp_var_ay', 'sp_var_az', 'sp_var_acc_magnitude',
       'sp_cov_a_xy', 'sp_cov_a_yz', 'sp_cov_a_xz', 'sp_cov_a_xmag',
       'sp_cov_a_ymag', 'sp_cov_a_zmag', 'sp_energy_ax', 'sp_energy_ay',
       'sp_energy_az', 'sp_energy_acc_magnitude', 'sp_entropy_ax',
       'sp_entropy_ay', 'sp_entropy_az', 'sp_entropy_acc_magnitude',
       'sw_mean_ax', 'sw_mean_ay', 'sw_mean_az', 'sw_mean_acc_magnitude',
       'sw_var_ax', 'sw_var_ay', 'sw_var_az', 'sw_var_acc_magnitude',
       'sw_cov_a_xy', 'sw_cov_a_yz', 'sw_cov_a_xz', 'sw_cov_a_xmag',
       'sw_cov_a_ymag', 'sw_cov_a_zmag', 'sw_energy_ax', 'sw_energy_ay',
       'sw_energy_az', 'sw_energy_acc_magnitude', 'sw_entropy_ax',
       'sw_entropy_ay', 'sw_entropy_az', 'sw_entropy_acc_magnitude',
       'activity'],
      dtype='object')
Data Source: 
Number of Estimators: 2000
Sampling Frequency: 10
Window Size: 2000
Training Source: ['edwin', 'richsen', 'lauren', 'shelina', 'mellita', 'nikolas', 'samuel', 'elmo']
Activities: ['brushing', 'folding', 'going_downstairs', 'going_upstairs', 'lying', 'reading', 'running', 'sitting', 'standing', 'sweeping_the_floor', 'food_preparation', 'typing', 'walking', 'writing']
Permutate XYZ: False

array([ 0.05225942,  0.07016856,  0.03417876,  0.01510075,  0.01983121,
        0.02314584,  0.02384883,  0.02567548,  0.00559013,  0.0071638 ,
        0.01259215,  0.00419222,  0.02134934,  0.00619016,  0.02082985,
        0.02056384,  0.02529274,  0.02303482,  0.00218511,  0.00307477,
        0.01216202,  0.00203585,  0.11785714,  0.05578556,  0.05296052,
        0.0248839 ,  0.02369874,  0.02907389,  0.02906163,  0.03088077,
        0.00642984,  0.00563161,  0.01136773,  0.02080618,  0.0239486 ,
        0.01051811,  0.02328645,  0.03194749,  0.03119796,  0.02961075,
        0.00247338,  0.00249796,  0.00335169,  0.00226446])
array([ 0.05378261,  0.06900523,  0.03431201,  0.01567883,  0.02061022,
        0.02298327,  0.02544349,  0.02508463,  0.00537326,  0.00720254,
        0.01299017,  0.00437031,  0.01962926,  0.00612478,  0.02114637,
        0.02181759,  0.02595851,  0.02372288,  0.00228201,  0.00309508,
        0.01147659,  0.00204776,  0.11755433,  0.05561133,  0.05346997,
        0.02364366,  0.02367896,  0.0282328 ,  0.02943709,  0.03101291,
        0.00649904,  0.00540521,  0.01076705,  0.02143637,  0.02498293,
        0.00970912,  0.02257273,  0.03050159,  0.03119433,  0.02978289,
        0.00235011,  0.00250145,  0.00330345,  0.00221528])
array([ 0.05112038,  0.07018084,  0.03475755,  0.01501201,  0.02119627,
        0.02265253,  0.02568615,  0.0230565 ,  0.0053986 ,  0.00685664,
        0.01296557,  0.00432938,  0.02000255,  0.00619395,  0.02134785,
        0.02190988,  0.02560886,  0.02288623,  0.00232206,  0.00294366,
        0.01120945,  0.00202232,  0.1183189 ,  0.05518864,  0.05309821,
        0.02503069,  0.02374783,  0.02803586,  0.02973185,  0.03056061,
        0.00636448,  0.00531995,  0.01115483,  0.02100843,  0.02385449,
        0.0102454 ,  0.02305515,  0.03269058,  0.03126431,  0.031008  ,
        0.00244241,  0.00260413,  0.00337028,  0.00224576])
array([ 0.0520276 ,  0.06917952,  0.03502521,  0.01508422,  0.0206454 ,
        0.02334157,  0.02414125,  0.02335368,  0.00546378,  0.0069126 ,
        0.01315767,  0.00436187,  0.02209503,  0.00604218,  0.02158646,
        0.02092158,  0.02588611,  0.0228231 ,  0.00232911,  0.00302582,
        0.01151042,  0.00207759,  0.11673564,  0.05372304,  0.05431438,
        0.02448449,  0.0232579 ,  0.02890712,  0.02983038,  0.03315762,
        0.00651265,  0.00552115,  0.01140062,  0.02044611,  0.0248879 ,
        0.01038138,  0.02348965,  0.0301489 ,  0.03021019,  0.03134596,
        0.00234792,  0.00243992,  0.00315172,  0.00231355])
array([ 0.05392887,  0.06906812,  0.03422223,  0.01484389,  0.02026669,
        0.02348829,  0.02452759,  0.02319038,  0.00557973,  0.00734512,
        0.01295724,  0.00427828,  0.02045116,  0.00587857,  0.02078632,
        0.02287194,  0.02581062,  0.02262715,  0.00227575,  0.00296774,
        0.01089142,  0.00199585,  0.11840079,  0.05562307,  0.05270102,
        0.02421664,  0.02324643,  0.02792067,  0.03000979,  0.03089261,
        0.00607222,  0.00554992,  0.01040016,  0.0211296 ,  0.02466512,
        0.01037713,  0.02410976,  0.03321003,  0.0316973 ,  0.02907594,
        0.00252117,  0.00251661,  0.00321923,  0.00219185])
Accuracy: [0.97274633123689724, 0.97148249108827844, 0.97190186621933317, 0.97043405326064169, 0.9668693646466765]
Accuracy Mean: 0.9706868212903654, Accuracy Standard deviation: 0.00204879831754518
F1 Score: [0.97265125321939394, 0.97141069166721783, 0.971958082544637, 0.97032241412282372, 0.96681231108529331]
F1 Mean: 0.9706309505278732, F1 Standard deviation: 0.0020556313144793107



Index(['sp_mean_ax', 'sp_mean_ay', 'sp_mean_az', 'sp_mean_acc_magnitude',
       'sp_var_ax', 'sp_var_ay', 'sp_var_az', 'sp_var_acc_magnitude',
       'sp_cov_a_xy', 'sp_cov_a_yz', 'sp_cov_a_xz', 'sp_cov_a_xmag',
       'sp_cov_a_ymag', 'sp_cov_a_zmag', 'sp_energy_ax', 'sp_energy_ay',
       'sp_energy_az', 'sp_energy_acc_magnitude', 'sp_entropy_ax',
       'sp_entropy_ay', 'sp_entropy_az', 'sp_entropy_acc_magnitude',
       'sw_mean_ax', 'sw_mean_ay', 'sw_mean_az', 'sw_mean_acc_magnitude',
       'sw_var_ax', 'sw_var_ay', 'sw_var_az', 'sw_var_acc_magnitude',
       'sw_cov_a_xy', 'sw_cov_a_yz', 'sw_cov_a_xz', 'sw_cov_a_xmag',
       'sw_cov_a_ymag', 'sw_cov_a_zmag', 'sw_energy_ax', 'sw_energy_ay',
       'sw_energy_az', 'sw_energy_acc_magnitude', 'sw_entropy_ax',
       'sw_entropy_ay', 'sw_entropy_az', 'sw_entropy_acc_magnitude',
       'activity'],
      dtype='object')
Data Source: 
Number of Estimators: 3000
Sampling Frequency: 10
Window Size: 2000
Training Source: ['edwin', 'richsen', 'lauren', 'shelina', 'mellita', 'nikolas', 'samuel', 'elmo']
Activities: ['brushing', 'folding', 'going_downstairs', 'going_upstairs', 'lying', 'reading', 'running', 'sitting', 'standing', 'sweeping_the_floor', 'food_preparation', 'typing', 'walking', 'writing']
Permutate XYZ: False

array([ 0.05234116,  0.06975403,  0.03377358,  0.01520167,  0.02117824,
        0.02315125,  0.02403108,  0.02431895,  0.00553576,  0.00675654,
        0.01297798,  0.00419114,  0.01992536,  0.00600368,  0.02064308,
        0.02150139,  0.02529607,  0.02251248,  0.00225662,  0.0030125 ,
        0.01125534,  0.00200076,  0.11738638,  0.05500312,  0.05343715,
        0.02493259,  0.02375428,  0.02735409,  0.03030453,  0.03130286,
        0.00628912,  0.00553864,  0.01100531,  0.02130906,  0.02469222,
        0.0103593 ,  0.02268949,  0.03160702,  0.03299171,  0.03177442,
        0.00243559,  0.00254428,  0.00339321,  0.00227698])
array([ 0.05090751,  0.06948516,  0.0338928 ,  0.01490717,  0.02045028,
        0.0233743 ,  0.02568961,  0.02331664,  0.005468  ,  0.00701976,
        0.01291101,  0.00427656,  0.02095105,  0.0060711 ,  0.0209102 ,
        0.02112926,  0.02551148,  0.02245162,  0.00231381,  0.00299574,
        0.01172427,  0.00205236,  0.11947105,  0.05566628,  0.05353714,
        0.02374379,  0.02303182,  0.0298855 ,  0.02966709,  0.03191721,
        0.00626605,  0.00537808,  0.01121683,  0.02033946,  0.02473081,
        0.01038035,  0.02323365,  0.03151764,  0.03129477,  0.03016305,
        0.00252126,  0.00255478,  0.00341199,  0.00226172])
array([ 0.05331321,  0.06901786,  0.03427187,  0.01491451,  0.02048949,
        0.02330048,  0.02491068,  0.02458174,  0.00545816,  0.0074525 ,
        0.01294962,  0.00439297,  0.02041883,  0.00598166,  0.02094194,
        0.02141027,  0.02609668,  0.02283466,  0.00234731,  0.00306102,
        0.01186206,  0.00204642,  0.11693698,  0.05646418,  0.05244338,
        0.02359094,  0.02364596,  0.02739648,  0.02783138,  0.03179036,
        0.00643263,  0.00540768,  0.01119208,  0.0207393 ,  0.02519818,
        0.01046752,  0.02336999,  0.03239515,  0.03028193,  0.03184605,
        0.00243496,  0.00252663,  0.00326176,  0.00229255])
array([ 0.05286588,  0.07121394,  0.03509365,  0.01562503,  0.02051376,
        0.02309349,  0.02484425,  0.02365785,  0.00535803,  0.00710374,
        0.01314164,  0.00431803,  0.02038141,  0.00605333,  0.02062752,
        0.02173505,  0.02547878,  0.02296994,  0.0023266 ,  0.00304229,
        0.01105358,  0.00201939,  0.1172547 ,  0.05437594,  0.0530387 ,
        0.02379917,  0.02340102,  0.02829029,  0.02945716,  0.03081557,
        0.00639033,  0.00544218,  0.01057931,  0.02116664,  0.02570239,
        0.01022615,  0.02419721,  0.03116032,  0.03182861,  0.03029569,
        0.00234826,  0.00245149,  0.0031179 ,  0.00214376])
array([ 0.05366187,  0.070327  ,  0.03428558,  0.01519314,  0.02020776,
        0.02365694,  0.02513257,  0.0242906 ,  0.00557923,  0.00693146,
        0.01248327,  0.00405286,  0.02073295,  0.00617262,  0.0204748 ,
        0.02135882,  0.02578006,  0.02285708,  0.00223249,  0.00288312,
        0.01146955,  0.00203234,  0.11848207,  0.05519654,  0.05255649,
        0.02449907,  0.02334176,  0.02958675,  0.02820507,  0.03183911,
        0.00658524,  0.0052947 ,  0.010976  ,  0.02082202,  0.0245668 ,
        0.01019639,  0.02276665,  0.03144139,  0.03160775,  0.02976444,
        0.00239255,  0.00248108,  0.0032505 ,  0.00235151])
Accuracy: [0.96960167714884693, 0.97274061648144261, 0.97295030404697003, 0.96938561543300483, 0.9668693646466765]
Accuracy Mean: 0.9703095155513882, Accuracy Standard deviation: 0.002283562151138368
F1 Score: [0.96952337695238122, 0.97267943132546264, 0.97285381244513769, 0.96935898751091121, 0.96680857915931595]
F1 Mean: 0.9702448374786418, F1 Standard deviation: 0.002273636042474552



