Configuration:
max_epoch = 3000, alpha = 0.1, n_hidden_layer = 1, n_neuron_hidden_layer = 50
0
 32/932 [>.............................] - ETA: 0s1
 32/932 [>.............................] - ETA: 0s2
 32/931 [>.............................] - ETA: 0s3
 32/931 [>.............................] - ETA: 0s4
 32/931 [>.............................] - ETA: 0s

Sampling Frequency: 10
Window Size: 2000
Accuracy: [0.99034334763948495, 0.97532188841201717, 0.98281417830290008, 0.98388829215896889, 0.97422126745435011]
Accuracy Mean: 0.9813177947935442, Accuracy Standard deviation: 0.005943379814542603
F1 Score: [0.99030934312911345, 0.97518781163459922, 0.98292107329027167, 0.98387491371451874, 0.97406489198926494]
F1 Mean: 0.9812716067515537, F1 Standard deviation: 0.0060021317300790605

==================================================================
Configuration:
max_epoch = 3000, alpha = 0.1, n_hidden_layer = 2, n_neuron_hidden_layer = 50
0
 32/932 [>.............................] - ETA: 0s1
 32/932 [>.............................] - ETA: 0s2
 32/931 [>.............................] - ETA: 0s3
 32/931 [>.............................] - ETA: 0s4
 32/931 [>.............................] - ETA: 0s

Sampling Frequency: 10
Window Size: 2000
Accuracy: [0.98712446351931327, 0.96995708154506433, 0.98388829215896889, 0.98496240601503759, 0.73899033297529537]
Accuracy Mean: 0.9329845152427358, Accuracy Standard deviation: 0.09718512545184928
F1 Score: [0.98724543638038254, 0.96987535990773166, 0.9838383093377846, 0.9849822763791084, 0.70361590301660859]
F1 Mean: 0.9259114570043232, F1 Standard deviation: 0.11131475825799496

==================================================================
Configuration:
max_epoch = 3000, alpha = 0.1, n_hidden_layer = 3, n_neuron_hidden_layer = 50
0
 32/932 [>.............................] - ETA: 0s1
 32/932 [>.............................] - ETA: 0s2
 32/931 [>.............................] - ETA: 0s3
 32/931 [>.............................] - ETA: 0s4
 32/931 [>.............................] - ETA: 0s

Sampling Frequency: 10
Window Size: 2000
Accuracy: [0.42811158798283261, 0.62017167381974247, 0.66595059076262086, 0.65413533834586468, 0.65198711063372716]
Accuracy Mean: 0.6040712603089575, Accuracy Standard deviation: 0.08927756914226602
F1 Score: [0.35753335459210478, 0.59636217259455515, 0.64028838307257585, 0.62294816795872554, 0.61956454264479632]
F1 Mean: 0.5673393241725515, F1 Standard deviation: 0.10583218106816657

==================================================================
